
=== Sun Nov 10 15:12:11 2019

Packages were changed.
Update Mode: mergeDefaultDependencies

The following packages were added:
  com.unity.package-manager-ui@2.2.0
  com.unity.ext.nunit@1.0.0
  com.unity.timeline@1.1.0
  com.unity.ugui@1.0.0
  com.unity.modules.androidjni@1.0.0
The following packages were updated:
  com.unity.ide.rider from version 1.0.4 to 1.0.8
  com.unity.ide.visualstudio from version 1.0.5 to 1.0.11
  com.unity.ide.vscode from version 1.0.4 to 1.0.7
  com.unity.textmeshpro from version 2.0.0 to 2.0.1

=== Sun Nov 10 15:21:44 2019

Packages were changed.
Update Mode: updateDependencies

The following packages were added:
  com.unity.2d.tilemap@1.0.0
  com.unity.analytics@3.3.2
  com.unity.purchasing@2.0.6
  com.unity.ads@2.0.8
  com.unity.2d.sprite@1.0.0
  com.unity.multiplayer-hlapi@1.0.2
  com.unity.xr.legacyinputhelpers@2.0.2
